2019-12-10T13:54:02+00:00 CRITICAL Uncaught Error: Function name must be a string in /var/www/html/speWordpress/s01/projet-domaine-des-hauts-lieux/content/plugins/testlisttable/test.php:136
Stack trace:
#0 /var/www/html/speWordpress/s01/projet-domaine-des-hauts-lieux/content/plugins/testlisttable/test.php(71): Example_List_Table->table_data()
#1 /var/www/html/speWordpress/s01/projet-domaine-des-hauts-lieux/content/plugins/testlisttable/test.php(42): Example_List_Table->prepare_items()
#2 /var/www/html/speWordpress/s01/projet-domaine-des-hauts-lieux/wp/wp-includes/class-wp-hook.php(286): Paulund_Wp_List_Table->list_table_page('')
#3 /var/www/html/speWordpress/s01/projet-domaine-des-hauts-lieux/wp/wp-includes/class-wp-hook.php(310): WP_Hook->apply_filters('', Array)
#4 /var/www/html/speWordpress/s01/projet-domaine-des-hauts-lieux/wp/wp-includes/plugin.php(465): WP_Hook->do_action(Array)
#5 /var/www/html/speWordpress/s01/projet-domaine-des-hauts-lieux/wp/wp-admin/admin.php(253): do_action('toplevel_page_e...')
#6 {main}

Next Exception: Function  in /var/www/html/speWordpress/s01/projet-domaine-des-hauts-lieux/content/plugins/query-monitor/collectors/php_errors.php on line 86

2019-12-10T15:07:04+00:00 CRITICAL Uncaught Error: Cannot use object of type stdClass as array in /var/www/html/speWordpress/s01/projet-domaine-des-hauts-lieux/content/plugins/testlisttable/test.php:145
Stack trace:
#0 /var/www/html/speWordpress/s01/projet-domaine-des-hauts-lieux/content/plugins/testlisttable/test.php(71): Example_List_Table->table_data()
#1 /var/www/html/speWordpress/s01/projet-domaine-des-hauts-lieux/content/plugins/testlisttable/test.php(42): Example_List_Table->prepare_items()
#2 /var/www/html/speWordpress/s01/projet-domaine-des-hauts-lieux/wp/wp-includes/class-wp-hook.php(286): Paulund_Wp_List_Table->list_table_page('')
#3 /var/www/html/speWordpress/s01/projet-domaine-des-hauts-lieux/wp/wp-includes/class-wp-hook.php(310): WP_Hook->apply_filters('', Array)
#4 /var/www/html/speWordpress/s01/projet-domaine-des-hauts-lieux/wp/wp-includes/plugin.php(465): WP_Hook->do_action(Array)
#5 /var/www/html/speWordpress/s01/projet-domaine-des-hauts-lieux/wp/wp-admin/admin.php(253): do_action('toplevel_page_e...')
#6 {main}

Next Excepti in /var/www/html/speWordpress/s01/projet-domaine-des-hauts-lieux/content/plugins/query-monitor/collectors/php_errors.php on line 86

2019-12-10T15:07:44+00:00 CRITICAL Uncaught Error: Cannot use object of type stdClass as array in /var/www/html/speWordpress/s01/projet-domaine-des-hauts-lieux/content/plugins/testlisttable/test.php:145
Stack trace:
#0 /var/www/html/speWordpress/s01/projet-domaine-des-hauts-lieux/content/plugins/testlisttable/test.php(71): Example_List_Table->table_data()
#1 /var/www/html/speWordpress/s01/projet-domaine-des-hauts-lieux/content/plugins/testlisttable/test.php(42): Example_List_Table->prepare_items()
#2 /var/www/html/speWordpress/s01/projet-domaine-des-hauts-lieux/wp/wp-includes/class-wp-hook.php(286): Paulund_Wp_List_Table->list_table_page('')
#3 /var/www/html/speWordpress/s01/projet-domaine-des-hauts-lieux/wp/wp-includes/class-wp-hook.php(310): WP_Hook->apply_filters('', Array)
#4 /var/www/html/speWordpress/s01/projet-domaine-des-hauts-lieux/wp/wp-includes/plugin.php(465): WP_Hook->do_action(Array)
#5 /var/www/html/speWordpress/s01/projet-domaine-des-hauts-lieux/wp/wp-admin/admin.php(253): do_action('toplevel_page_e...')
#6 {main}

Next Excepti in /var/www/html/speWordpress/s01/projet-domaine-des-hauts-lieux/content/plugins/query-monitor/collectors/php_errors.php on line 86

2019-12-10T15:07:45+00:00 CRITICAL Uncaught Error: Cannot use object of type stdClass as array in /var/www/html/speWordpress/s01/projet-domaine-des-hauts-lieux/content/plugins/testlisttable/test.php:145
Stack trace:
#0 /var/www/html/speWordpress/s01/projet-domaine-des-hauts-lieux/content/plugins/testlisttable/test.php(71): Example_List_Table->table_data()
#1 /var/www/html/speWordpress/s01/projet-domaine-des-hauts-lieux/content/plugins/testlisttable/test.php(42): Example_List_Table->prepare_items()
#2 /var/www/html/speWordpress/s01/projet-domaine-des-hauts-lieux/wp/wp-includes/class-wp-hook.php(286): Paulund_Wp_List_Table->list_table_page('')
#3 /var/www/html/speWordpress/s01/projet-domaine-des-hauts-lieux/wp/wp-includes/class-wp-hook.php(310): WP_Hook->apply_filters('', Array)
#4 /var/www/html/speWordpress/s01/projet-domaine-des-hauts-lieux/wp/wp-includes/plugin.php(465): WP_Hook->do_action(Array)
#5 /var/www/html/speWordpress/s01/projet-domaine-des-hauts-lieux/wp/wp-admin/admin.php(253): do_action('toplevel_page_e...')
#6 {main}

Next Excepti in /var/www/html/speWordpress/s01/projet-domaine-des-hauts-lieux/content/plugins/query-monitor/collectors/php_errors.php on line 86

